<?xml version="1.0" encoding="UTF-8"?>
<!-- Generated by org.testng.reporters.JUnitReportReporter -->
<testsuite hostname="PC12733" failures="0" tests="1" name="com.accesshq.tests.TestSuite2" time="50.413" errors="1" timestamp="2023-01-24T12:03:28 AEDT" skipped="0">
  <testcase classname="com.accesshq.tests.TestSuite2" name="tc_02" time="50.413">
    <error message="Error {
  message=&#039;Timeout 30000ms exceeded.
=========================== logs ===========================
waiting for locator(&quot;xpath=//input[@name=&#039;termsofservice&#039;]&quot;)
============================================================
  name=&#039;TimeoutError
  stack=&#039;TimeoutError: Timeout 30000ms exceeded.
=========================== logs ===========================
waiting for locator(&quot;xpath=//input[@name=&#039;termsofservice&#039;]&quot;)
============================================================
    at ProgressController.run (C:\Users\5052\AppData\Local\Temp\playwright-java-17711387555051529005\package\lib\server\progress.js:93:26)
    at Frame.click (C:\Users\5052\AppData\Local\Temp\playwright-java-17711387555051529005\package\lib\server\frames.js:945:23)
    at FrameDispatcher.click (C:\Users\5052\AppData\Local\Temp\playwright-java-17711387555051529005\package\lib\server\dispatchers\frameDispatcher.js:146:30)
    at DispatcherConnection.dispatch (C:\Users\5052\AppData\Local\Temp\playwright-java-17711387555051529005\package\lib\server\dispatchers\dispatcher.js:317:46)
}" type="com.microsoft.playwright.TimeoutError">
      <![CDATA[com.microsoft.playwright.TimeoutError: Error {
  message='Timeout 30000ms exceeded.
=========================== logs ===========================
waiting for locator("xpath=//input[@name='termsofservice']")
============================================================
  name='TimeoutError
  stack='TimeoutError: Timeout 30000ms exceeded.
=========================== logs ===========================
waiting for locator("xpath=//input[@name='termsofservice']")
============================================================
    at ProgressController.run (C:\Users\5052\AppData\Local\Temp\playwright-java-17711387555051529005\package\lib\server\progress.js:93:26)
    at Frame.click (C:\Users\5052\AppData\Local\Temp\playwright-java-17711387555051529005\package\lib\server\frames.js:945:23)
    at FrameDispatcher.click (C:\Users\5052\AppData\Local\Temp\playwright-java-17711387555051529005\package\lib\server\dispatchers\frameDispatcher.js:146:30)
    at DispatcherConnection.dispatch (C:\Users\5052\AppData\Local\Temp\playwright-java-17711387555051529005\package\lib\server\dispatchers\dispatcher.js:317:46)
}
at com.microsoft.playwright.impl.WaitableResult.get(WaitableResult.java:52)
at com.microsoft.playwright.impl.ChannelOwner.runUntil(ChannelOwner.java:111)
at com.microsoft.playwright.impl.Connection.sendMessage(Connection.java:119)
at com.microsoft.playwright.impl.ChannelOwner.sendMessage(ChannelOwner.java:102)
at com.microsoft.playwright.impl.FrameImpl.clickImpl(FrameImpl.java:256)
at com.microsoft.playwright.impl.FrameImpl.lambda$click$9(FrameImpl.java:247)
at com.microsoft.playwright.impl.LoggingSupport.lambda$withLogging$0(LoggingSupport.java:36)
at com.microsoft.playwright.impl.LoggingSupport.withLogging(LoggingSupport.java:47)
at com.microsoft.playwright.impl.ChannelOwner.withLogging(ChannelOwner.java:87)
at com.microsoft.playwright.impl.LoggingSupport.withLogging(LoggingSupport.java:35)
at com.microsoft.playwright.impl.FrameImpl.click(FrameImpl.java:247)
at com.microsoft.playwright.impl.LocatorImpl.click(LocatorImpl.java:112)
at com.microsoft.playwright.Locator.click(Locator.java:2076)
at com.accesshq.tests.TestFunctions.bf_CheckoutShoppingCart(TestFunctions.java:35)
at com.accesshq.tests.TestSuite2.tc_02(TestSuite2.java:33)
at java.base/jdk.internal.reflect.NativeMethodAccessorImpl.invoke0(Native Method)
at java.base/jdk.internal.reflect.NativeMethodAccessorImpl.invoke(NativeMethodAccessorImpl.java:77)
at java.base/jdk.internal.reflect.DelegatingMethodAccessorImpl.invoke(DelegatingMethodAccessorImpl.java:43)
at java.base/java.lang.reflect.Method.invoke(Method.java:568)
at org.testng.internal.MethodInvocationHelper.invokeMethod(MethodInvocationHelper.java:133)
at org.testng.internal.TestInvoker.invokeMethod(TestInvoker.java:598)
at org.testng.internal.TestInvoker.invokeTestMethod(TestInvoker.java:173)
at org.testng.internal.MethodRunner.runInSequence(MethodRunner.java:46)
at org.testng.internal.TestInvoker$MethodInvocationAgent.invoke(TestInvoker.java:824)
at org.testng.internal.TestInvoker.invokeTestMethods(TestInvoker.java:146)
at org.testng.internal.TestMethodWorker.invokeTestMethods(TestMethodWorker.java:146)
at org.testng.internal.TestMethodWorker.run(TestMethodWorker.java:128)
at java.base/java.util.ArrayList.forEach(ArrayList.java:1511)
at org.testng.TestRunner.privateRun(TestRunner.java:794)
at org.testng.TestRunner.run(TestRunner.java:596)
at org.testng.SuiteRunner.runTest(SuiteRunner.java:377)
at org.testng.SuiteRunner.runSequentially(SuiteRunner.java:371)
at org.testng.SuiteRunner.privateRun(SuiteRunner.java:332)
at org.testng.SuiteRunner.run(SuiteRunner.java:276)
at org.testng.SuiteRunnerWorker.runSuite(SuiteRunnerWorker.java:53)
at org.testng.SuiteRunnerWorker.run(SuiteRunnerWorker.java:96)
at org.testng.TestNG.runSuitesSequentially(TestNG.java:1212)
at org.testng.TestNG.runSuitesLocally(TestNG.java:1134)
at org.testng.TestNG.runSuites(TestNG.java:1063)
at org.testng.TestNG.run(TestNG.java:1031)
at org.testng.remote.AbstractRemoteTestNG.run(AbstractRemoteTestNG.java:115)
at org.testng.remote.RemoteTestNG.initAndRun(RemoteTestNG.java:251)
at org.testng.remote.RemoteTestNG.main(RemoteTestNG.java:77)
Caused by: com.microsoft.playwright.TimeoutError: Error {
  message='Timeout 30000ms exceeded.
=========================== logs ===========================
waiting for locator("xpath=//input[@name='termsofservice']")
============================================================
  name='TimeoutError
  stack='TimeoutError: Timeout 30000ms exceeded.
=========================== logs ===========================
waiting for locator("xpath=//input[@name='termsofservice']")
============================================================
    at ProgressController.run (C:\Users\5052\AppData\Local\Temp\playwright-java-17711387555051529005\package\lib\server\progress.js:93:26)
    at Frame.click (C:\Users\5052\AppData\Local\Temp\playwright-java-17711387555051529005\package\lib\server\frames.js:945:23)
    at FrameDispatcher.click (C:\Users\5052\AppData\Local\Temp\playwright-java-17711387555051529005\package\lib\server\dispatchers\frameDispatcher.js:146:30)
    at DispatcherConnection.dispatch (C:\Users\5052\AppData\Local\Temp\playwright-java-17711387555051529005\package\lib\server\dispatchers\dispatcher.js:317:46)
}
at com.microsoft.playwright.impl.Connection.dispatch(Connection.java:199)
at com.microsoft.playwright.impl.Connection.processOneMessage(Connection.java:181)
at com.microsoft.playwright.impl.ChannelOwner.runUntil(ChannelOwner.java:109)
... 41 more
]]>
    </error>
  </testcase> <!-- tc_02 -->
  <system-out/>
</testsuite> <!-- com.accesshq.tests.TestSuite2 -->
