<?xml version="1.0" encoding="UTF-8"?>
<!-- Generated by org.testng.reporters.JUnitReportReporter -->
<testsuite hostname="PC12733" failures="0" tests="1" name="com.accesshq.tests.TestSuite" time="38.648" errors="0" timestamp="2023-01-24T10:38:26 AEDT" skipped="0">
  <testcase classname="com.accesshq.tests.TestSuite" name="tc_01" time="38.648"/>
  <system-out/>
</testsuite> <!-- com.accesshq.tests.TestSuite -->
