<?xml version="1.0" encoding="UTF-8"?>
<!-- Generated by org.testng.reporters.JUnitReportReporter -->
<testsuite hostname="PC12733" failures="0" tests="1" name="com.accesshq.tests.TestSuite3" time="7.479" errors="0" timestamp="2023-01-30T20:29:24 AEDT" skipped="0">
  <testcase classname="com.accesshq.tests.TestSuite3" name="tc_02" time="7.479"/>
  <system-out/>
</testsuite> <!-- com.accesshq.tests.TestSuite3 -->
